2020-09-21 14:14:41,535 [Worker-4: Loading available Gradle versions] INFO  o.e.b.c.i.u.g.PublishedGradleVersions - Gradle version information cache is out-of-date. Trying to update.
2020-09-21 14:31:32,328 [Worker-2: Loading available Gradle versions] INFO  o.e.b.c.i.u.g.PublishedGradleVersions - Gradle version information cache is up-to-date. Trying to read.
2020-09-21 19:20:02,273 [Worker-4: Loading available Gradle versions] INFO  o.e.b.c.i.u.g.PublishedGradleVersions - Gradle version information cache is up-to-date. Trying to read.
2020-09-22 08:32:08,785 [Worker-4: Loading available Gradle versions] INFO  o.e.b.c.i.u.g.PublishedGradleVersions - Gradle version information cache is up-to-date. Trying to read.
2020-09-22 09:30:46,581 [FileStoreAttributeReader-1] ERROR org.eclipse.jgit.util.FS - E:\situ_Study\.git\.probe-be154dd0-3264-4d0b-9d56-7599e3023975: 请求的操作无法在使用用户映射区域打开的文件上执行。

java.nio.file.FileSystemException: E:\situ_Study\.git\.probe-be154dd0-3264-4d0b-9d56-7599e3023975: 请求的操作无法在使用用户映射区域打开的文件上执行。

	at sun.nio.fs.WindowsException.translateToIOException(WindowsException.java:86) ~[na:1.8.0_261]
	at sun.nio.fs.WindowsException.rethrowAsIOException(WindowsException.java:97) ~[na:1.8.0_261]
	at sun.nio.fs.WindowsException.rethrowAsIOException(WindowsException.java:102) ~[na:1.8.0_261]
	at sun.nio.fs.WindowsFileSystemProvider.newByteChannel(WindowsFileSystemProvider.java:230) ~[na:1.8.0_261]
	at java.nio.file.spi.FileSystemProvider.newOutputStream(FileSystemProvider.java:434) ~[na:1.8.0_261]
	at java.nio.file.Files.newOutputStream(Files.java:216) ~[na:1.8.0_261]
	at org.eclipse.jgit.util.FS$FileStoreAttributes.write(FS.java:457) [org.eclipse.jgit_5.8.0.202006091008-r.jar:5.8.0.202006091008-r]
	at org.eclipse.jgit.util.FS$FileStoreAttributes.measureMinimalRacyInterval(FS.java:416) [org.eclipse.jgit_5.8.0.202006091008-r.jar:5.8.0.202006091008-r]
	at org.eclipse.jgit.util.FS$FileStoreAttributes.lambda$1(FS.java:364) [org.eclipse.jgit_5.8.0.202006091008-r.jar:5.8.0.202006091008-r]
	at java.util.concurrent.CompletableFuture$AsyncSupply.run(CompletableFuture.java:1604) ~[na:1.8.0_261]
	at java.util.concurrent.ThreadPoolExecutor.runWorker(ThreadPoolExecutor.java:1149) ~[na:1.8.0_261]
	at java.util.concurrent.ThreadPoolExecutor$Worker.run(ThreadPoolExecutor.java:624) ~[na:1.8.0_261]
	at java.lang.Thread.run(Thread.java:748) ~[na:1.8.0_261]
2020-09-22 09:34:04,874 [Worker-31: Fetching remote refs from git@github.com:Sure-Li/Situ_Study.git] INFO  o.a.s.c.u.s.e.EdDSASecurityProviderRegistrar - getOrCreateProvider(EdDSA) created instance of net.i2p.crypto.eddsa.EdDSASecurityProvider
2020-09-22 09:34:05,025 [Worker-31: Fetching remote refs from git@github.com:Sure-Li/Situ_Study.git] INFO  o.a.s.c.i.DefaultIoServiceFactoryFactory - No detected/configured IoServiceFactoryFactory using Nio2ServiceFactoryFactory
